<?xml version="1.0" encoding="UTF-8"?>
<!-- Generated by org.testng.reporters.JUnitXMLReporter -->
<testsuite ignored="2" hostname="DESKTOP-SM3GAAU" failures="0" tests="1" name="Pixel4_Emulator" time="13.94" errors="0" timestamp="2022-10-18T16:05:06 PKT">
  <testcase classname="com.qa.test.LoginTest" name="incorrectUser" time="4.021"/>
  <testcase classname="com.qa.test.LoginTest" name="successfulLogin" time="0.0">
    <ignored/>
  </testcase> <!-- successfulLogin -->
  <testcase classname="com.qa.test.LoginTest" name="incorrectPassword" time="0.0">
    <ignored/>
  </testcase> <!-- incorrectPassword -->
</testsuite> <!-- Pixel4_Emulator -->
