<?xml version="1.0" encoding="UTF-8"?>
<!-- Generated by org.testng.reporters.JUnitXMLReporter -->
<testsuite ignored="0" hostname="DESKTOP-SM3GAAU" failures="0" tests="5" name="RealDevice" time="54.081" errors="0" timestamp="2022-10-19T19:07:45 PKT">
  <testcase classname="com.qa.test.ProductDetailsTest" name="validateProdTitlePrice" time="7.597"/>
  <testcase classname="com.qa.test.ProductDetailsTest" name="validateProdTitleDetailsPrice" time="11.447"/>
  <testcase classname="com.qa.test.ProductDetailsTest" name="validateProdDetailsAndPrice" time="12.675"/>
  <testcase classname="com.qa.test.ProductDetailsTest" name="validateProdTitlePriceWithDeeplink" time="4.18"/>
  <testcase classname="com.qa.test.ProductDetailsTest" name="validateProdDetailsAndPriceWithDeeplink" time="10.045"/>
</testsuite> <!-- RealDevice -->
