<?xml version="1.0" encoding="UTF-8"?>
<!-- Generated by org.testng.reporters.JUnitXMLReporter -->
<testsuite ignored="0" hostname="DESKTOP-SM3GAAU" failures="0" tests="5" name="RealDevice" time="54.698" errors="0" timestamp="2022-10-12T22:09:34 PKT">
  <testcase classname="com.qa.test.ProductDetailsTest" name="validateProdTitlePrice" time="7.124"/>
  <testcase classname="com.qa.test.ProductDetailsTest" name="validateProdTitleDetailsPrice" time="13.041"/>
  <testcase classname="com.qa.test.ProductDetailsTest" name="validateProdDetailsAndPrice" time="13.183"/>
  <testcase classname="com.qa.test.ProductDetailsTest" name="validateProdTitlePriceWithDeeplink" time="4.282"/>
  <testcase classname="com.qa.test.ProductDetailsTest" name="validateProdDetailsAndPriceWithDeeplink" time="10.02"/>
</testsuite> <!-- RealDevice -->
