<?xml version="1.0" encoding="UTF-8"?>
<!-- Generated by org.testng.reporters.JUnitXMLReporter -->
<testsuite ignored="2" hostname="DESKTOP-SM3GAAU" failures="0" tests="1" name="Pixel4_RealDevice" time="11.073" errors="0" timestamp="2022-10-12T22:08:10 PKT">
  <testcase classname="com.qa.test.LoginTest" name="incorrectUser" time="3.872"/>
  <testcase classname="com.qa.test.LoginTest" name="successfulLogin" time="0.0">
    <ignored/>
  </testcase> <!-- successfulLogin -->
  <testcase classname="com.qa.test.LoginTest" name="incorrectPassword" time="0.0">
    <ignored/>
  </testcase> <!-- incorrectPassword -->
</testsuite> <!-- Pixel4_RealDevice -->
