<?xml version="1.0" encoding="UTF-8"?>
<!-- Generated by org.testng.reporters.JUnitXMLReporter -->
<testsuite ignored="0" hostname="DESKTOP-SM3GAAU" failures="0" tests="3" name="Test" time="22.335" errors="0" timestamp="2022-10-10T17:31:27 PKT">
  <testcase classname="com.qa.test.LoginTest" name="incorrectPassword" time="4.423"/>
  <testcase classname="com.qa.test.LoginTest" name="incorrectUser" time="2.119"/>
  <testcase classname="com.qa.test.LoginTest" name="successfulLogin" time="2.688"/>
</testsuite> <!-- Test -->
