<?xml version="1.0" encoding="UTF-8"?>
<!-- Generated by org.testng.reporters.JUnitXMLReporter -->
<testsuite ignored="0" hostname="DESKTOP-SM3GAAU" failures="0" tests="5" name="Test" time="56.505" errors="0" timestamp="2022-10-12T22:14:39 PKT">
  <testcase classname="com.qa.test.ProductDetailsTest" name="validateProdTitlePrice" time="6.612"/>
  <testcase classname="com.qa.test.ProductDetailsTest" name="validateProdTitleDetailsPrice" time="12.887"/>
  <testcase classname="com.qa.test.ProductDetailsTest" name="validateProdDetailsAndPrice" time="14.492"/>
  <testcase classname="com.qa.test.ProductDetailsTest" name="validateProdTitlePriceWithDeeplink" time="4.03"/>
  <testcase classname="com.qa.test.ProductDetailsTest" name="validateProdDetailsAndPriceWithDeeplink" time="11.386"/>
</testsuite> <!-- Test -->
