<?xml version="1.0" encoding="UTF-8"?>
<testng-results ignored="0" total="10" passed="10" failed="0" skipped="0">
  <reporter-output>
  </reporter-output>
  <suite started-at="2022-10-12T22:37:43 PKT" name="SwagLab" finished-at="2022-10-12T22:38:40 PKT" duration-ms="57449">
    <groups>
    </groups>
    <test started-at="2022-10-12T22:37:43 PKT" name="RealDevice" finished-at="2022-10-12T22:38:36 PKT" duration-ms="53381">
      <class name="com.qa.test.ProductDetailsTest">
        <test-method is-config="true" signature="beforeTest(java.lang.String,java.lang.String,java.lang.String,java.lang.String)[pri:0, instance:com.qa.test.ProductDetailsTest@3e821657]" started-at="2022-10-12T22:37:43 PKT" name="beforeTest" finished-at="2022-10-12T22:37:48 PKT" duration-ms="5052" status="PASS">
          <params>
            <param index="0">
              <value>
                <![CDATA[real]]>
              </value>
            </param>
            <param index="1">
              <value>
                <![CDATA[98271FFAZ0001U]]>
              </value>
            </param>
            <param index="2">
              <value>
                <![CDATA[Pixel4_Real_Device]]>
              </value>
            </param>
            <param index="3">
              <value>
                <![CDATA[emulatorOnly]]>
              </value>
            </param>
          </params>
          <reporter-output>
          </reporter-output>
        </test-method> <!-- beforeTest -->
        <test-method is-config="true" signature="beforeClass()[pri:0, instance:com.qa.test.ProductDetailsTest@3e821657]" started-at="2022-10-12T22:37:48 PKT" name="beforeClass" finished-at="2022-10-12T22:37:48 PKT" duration-ms="140" status="PASS">
          <reporter-output>
          </reporter-output>
        </test-method> <!-- beforeClass -->
        <test-method signature="validateProdTitlePrice()[pri:1, instance:com.qa.test.ProductDetailsTest@3e821657]" started-at="2022-10-12T22:37:48 PKT" name="validateProdTitlePrice" finished-at="2022-10-12T22:37:55 PKT" duration-ms="7329" status="PASS">
          <reporter-output>
          </reporter-output>
        </test-method> <!-- validateProdTitlePrice -->
        <test-method signature="validateProdTitleDetailsPrice()[pri:2, instance:com.qa.test.ProductDetailsTest@3e821657]" started-at="2022-10-12T22:37:55 PKT" name="validateProdTitleDetailsPrice" finished-at="2022-10-12T22:38:08 PKT" duration-ms="12685" status="PASS">
          <reporter-output>
          </reporter-output>
        </test-method> <!-- validateProdTitleDetailsPrice -->
        <test-method signature="validateProdDetailsAndPrice()[pri:3, instance:com.qa.test.ProductDetailsTest@3e821657]" started-at="2022-10-12T22:38:08 PKT" name="validateProdDetailsAndPrice" finished-at="2022-10-12T22:38:21 PKT" duration-ms="13413" status="PASS">
          <reporter-output>
          </reporter-output>
        </test-method> <!-- validateProdDetailsAndPrice -->
        <test-method signature="validateProdTitlePriceWithDeeplink()[pri:4, instance:com.qa.test.ProductDetailsTest@3e821657]" started-at="2022-10-12T22:38:21 PKT" name="validateProdTitlePriceWithDeeplink" finished-at="2022-10-12T22:38:25 PKT" duration-ms="4213" status="PASS">
          <reporter-output>
          </reporter-output>
        </test-method> <!-- validateProdTitlePriceWithDeeplink -->
        <test-method signature="validateProdDetailsAndPriceWithDeeplink()[pri:5, instance:com.qa.test.ProductDetailsTest@3e821657]" started-at="2022-10-12T22:38:25 PKT" name="validateProdDetailsAndPriceWithDeeplink" finished-at="2022-10-12T22:38:36 PKT" duration-ms="10258" status="PASS">
          <reporter-output>
          </reporter-output>
        </test-method> <!-- validateProdDetailsAndPriceWithDeeplink -->
        <test-method is-config="true" signature="afterTest()[pri:0, instance:com.qa.test.ProductDetailsTest@3e821657]" started-at="2022-10-12T22:38:36 PKT" name="afterTest" finished-at="2022-10-12T22:38:36 PKT" duration-ms="261" status="PASS">
          <reporter-output>
          </reporter-output>
        </test-method> <!-- afterTest -->
        <test-method is-config="true" signature="afterClass()[pri:0, instance:com.qa.test.ProductDetailsTest@3e821657]" started-at="2022-10-12T22:38:36 PKT" name="afterClass" finished-at="2022-10-12T22:38:36 PKT" duration-ms="0" status="PASS">
          <reporter-output>
          </reporter-output>
        </test-method> <!-- afterClass -->
      </class> <!-- com.qa.test.ProductDetailsTest -->
    </test> <!-- RealDevice -->
    <test started-at="2022-10-12T22:37:43 PKT" name="Emulator" finished-at="2022-10-12T22:38:40 PKT" duration-ms="57449">
      <class name="com.qa.test.ProductDetailsTest">
        <test-method is-config="true" signature="beforeTest(java.lang.String,java.lang.String,java.lang.String,java.lang.String)[pri:0, instance:com.qa.test.ProductDetailsTest@53d102a2]" started-at="2022-10-12T22:37:43 PKT" name="beforeTest" finished-at="2022-10-12T22:37:49 PKT" duration-ms="6877" status="PASS">
          <params>
            <param index="0">
              <value>
                <![CDATA[emulator]]>
              </value>
            </param>
            <param index="1">
              <value>
                <![CDATA[emulator-5554]]>
              </value>
            </param>
            <param index="2">
              <value>
                <![CDATA[Pixel4_Emulator]]>
              </value>
            </param>
            <param index="3">
              <value>
                <![CDATA[true]]>
              </value>
            </param>
          </params>
          <reporter-output>
          </reporter-output>
        </test-method> <!-- beforeTest -->
        <test-method is-config="true" signature="beforeClass()[pri:0, instance:com.qa.test.ProductDetailsTest@53d102a2]" started-at="2022-10-12T22:37:49 PKT" name="beforeClass" finished-at="2022-10-12T22:37:49 PKT" duration-ms="3" status="PASS">
          <reporter-output>
          </reporter-output>
        </test-method> <!-- beforeClass -->
        <test-method signature="validateProdTitlePrice()[pri:1, instance:com.qa.test.ProductDetailsTest@53d102a2]" started-at="2022-10-12T22:37:49 PKT" name="validateProdTitlePrice" finished-at="2022-10-12T22:37:56 PKT" duration-ms="6599" status="PASS">
          <reporter-output>
          </reporter-output>
        </test-method> <!-- validateProdTitlePrice -->
        <test-method signature="validateProdTitleDetailsPrice()[pri:2, instance:com.qa.test.ProductDetailsTest@53d102a2]" started-at="2022-10-12T22:37:56 PKT" name="validateProdTitleDetailsPrice" finished-at="2022-10-12T22:38:10 PKT" duration-ms="13728" status="PASS">
          <reporter-output>
          </reporter-output>
        </test-method> <!-- validateProdTitleDetailsPrice -->
        <test-method signature="validateProdDetailsAndPrice()[pri:3, instance:com.qa.test.ProductDetailsTest@53d102a2]" started-at="2022-10-12T22:38:10 PKT" name="validateProdDetailsAndPrice" finished-at="2022-10-12T22:38:24 PKT" duration-ms="14191" status="PASS">
          <reporter-output>
          </reporter-output>
        </test-method> <!-- validateProdDetailsAndPrice -->
        <test-method signature="validateProdTitlePriceWithDeeplink()[pri:4, instance:com.qa.test.ProductDetailsTest@53d102a2]" started-at="2022-10-12T22:38:24 PKT" name="validateProdTitlePriceWithDeeplink" finished-at="2022-10-12T22:38:28 PKT" duration-ms="4324" status="PASS">
          <reporter-output>
          </reporter-output>
        </test-method> <!-- validateProdTitlePriceWithDeeplink -->
        <test-method signature="validateProdDetailsAndPriceWithDeeplink()[pri:5, instance:com.qa.test.ProductDetailsTest@53d102a2]" started-at="2022-10-12T22:38:28 PKT" name="validateProdDetailsAndPriceWithDeeplink" finished-at="2022-10-12T22:38:40 PKT" duration-ms="11431" status="PASS">
          <reporter-output>
          </reporter-output>
        </test-method> <!-- validateProdDetailsAndPriceWithDeeplink -->
        <test-method is-config="true" signature="afterTest()[pri:0, instance:com.qa.test.ProductDetailsTest@53d102a2]" started-at="2022-10-12T22:38:40 PKT" name="afterTest" finished-at="2022-10-12T22:38:40 PKT" duration-ms="285" status="PASS">
          <reporter-output>
          </reporter-output>
        </test-method> <!-- afterTest -->
        <test-method is-config="true" signature="afterClass()[pri:0, instance:com.qa.test.ProductDetailsTest@53d102a2]" started-at="2022-10-12T22:38:40 PKT" name="afterClass" finished-at="2022-10-12T22:38:40 PKT" duration-ms="0" status="PASS">
          <reporter-output>
          </reporter-output>
        </test-method> <!-- afterClass -->
      </class> <!-- com.qa.test.ProductDetailsTest -->
    </test> <!-- Emulator -->
  </suite> <!-- SwagLab -->
</testng-results>
