<?xml version="1.0" encoding="UTF-8"?>
<testsuite xmlns:xsi="http://www.w3.org/2001/XMLSchema-instance" xsi:noNamespaceSchemaLocation="https://maven.apache.org/surefire/maven-surefire-plugin/xsd/surefire-test-report-3.0.xsd" version="3.0" name="TestSuite" time="66.439" tests="5" errors="0" skipped="0" failures="0">
  <properties>
[...]
</properties>
  <testcase name="validateProdTitlePrice" classname="com.qa.test.ProductDetailsTest" time="7.204">
    <system-out><![CDATA[[INFO ] 22 Jun 2022 11:15:22,257 qa.base.BaseTest:44 - Properties object created
[INFO ] 22 Jun 2022 11:15:22,266 qa.base.BaseTest:48 - Properties file loaded
[INFO ] 22 Jun 2022 11:15:22,276 qa.base.BaseTest:52 - parseStringXML method called
[INFO ] 22 Jun 2022 11:15:22,278 qa.base.BaseTest:55 - DesiredCapabilities object created
[INFO ] 22 Jun 2022 11:15:22,279 qa.base.BaseTest:65 - Required DesiredCapabilities are set
[INFO ] 22 Jun 2022 11:15:41,616 qa.base.BaseTest:70 - AndroidDriver object created
[INFO ] 22 Jun 2022 11:15:41,617 qa.base.BaseTest:76 - closing configis
[INFO ] 22 Jun 2022 11:15:41,620 qa.base.BaseTest:80 - closing stringis
[INFO ] 22 Jun 2022 11:15:42,034 qa.test.ProductDetailsTest:49 -  ++++++++++++++ validateProdTitlePrice ++++++++++++++ 
LoginPage.login()
[INFO ] 22 Jun 2022 11:15:42,038 qa.base.BaseTest:87 - waitForElementVisibility - Located by By.chained({By.AccessibilityId: test-Username})
[INFO ] 22 Jun 2022 11:15:43,492 qa.base.BaseTest:102 - sendKeys - Located by By.chained({By.AccessibilityId: test-Username}): Enter UserName
[INFO ] 22 Jun 2022 11:15:44,083 qa.base.BaseTest:87 - waitForElementVisibility - Located by By.chained({By.AccessibilityId: test-Password})
[INFO ] 22 Jun 2022 11:15:44,626 qa.base.BaseTest:102 - sendKeys - Located by By.chained({By.AccessibilityId: test-Password}): Enter Password
[INFO ] 22 Jun 2022 11:15:45,195 qa.base.BaseTest:87 - waitForElementVisibility - Located by By.chained({By.AccessibilityId: test-LOGIN})
[INFO ] 22 Jun 2022 11:15:45,732 qa.base.BaseTest:95 - click - Located by By.chained({By.AccessibilityId: test-LOGIN}): Press Login Button
[INFO ] 22 Jun 2022 11:15:45,837 qa.base.BaseTest:87 - waitForElementVisibility - Located by By.chained({By.xpath: (//android.widget.TextView[@content-desc="test-Item title"])[1]})
[INFO ] 22 Jun 2022 11:15:47,112 qa.base.BaseTest:109 - getAttribute - Located by By.chained({By.xpath: (//android.widget.TextView[@content-desc="test-Item title"])[1]})text: getSLBTitle from ProductsPage
SLB title: Sauce Labs Backpack
[INFO ] 22 Jun 2022 11:15:47,208 qa.base.BaseTest:87 - waitForElementVisibility - Located by By.chained({By.xpath: (//android.widget.TextView[@content-desc="test-Price"])[1]})
[INFO ] 22 Jun 2022 11:15:47,322 qa.base.BaseTest:109 - getAttribute - Located by By.chained({By.xpath: (//android.widget.TextView[@content-desc="test-Price"])[1]})text: getSLBPrice from ProductsPage
SLB price: $29.99
[INFO ] 22 Jun 2022 11:15:47,433 qa.base.BaseTest:87 - waitForElementVisibility - Located by By.chained({By.AccessibilityId: test-Menu})
[INFO ] 22 Jun 2022 11:15:47,473 qa.base.BaseTest:95 - click - Located by By.chained({By.AccessibilityId: test-Menu}): Press Menu Button from - MenuPage
[INFO ] 22 Jun 2022 11:15:47,552 qa.base.BaseTest:87 - waitForElementVisibility - Located by By.chained({By.AccessibilityId: test-LOGOUT})
[INFO ] 22 Jun 2022 11:15:49,147 qa.base.BaseTest:95 - click - Located by By.chained({By.AccessibilityId: test-LOGOUT}): Press Logout Button from - SettingsPage
]]></system-out>
    <system-err><![CDATA[Jun 22, 2022 11:15:41 AM io.appium.java_client.remote.AppiumCommandExecutor$1 lambda$0
INFO: Detected dialect: W3C
]]></system-err>
  </testcase>
  <testcase name="validateProdTitleDetailsPrice" classname="com.qa.test.ProductDetailsTest" time="11.711">
    <system-out><![CDATA[[INFO ] 22 Jun 2022 11:15:49,239 qa.test.ProductDetailsTest:70 -  ++++++++++++++ validateProdTitleDetailsPrice ++++++++++++++ 
LoginPage.login()
[INFO ] 22 Jun 2022 11:15:49,240 qa.base.BaseTest:87 - waitForElementVisibility - Located by By.chained({By.AccessibilityId: test-Username})
[INFO ] 22 Jun 2022 11:15:50,953 qa.base.BaseTest:102 - sendKeys - Located by By.chained({By.AccessibilityId: test-Username}): Enter UserName
[INFO ] 22 Jun 2022 11:15:51,041 qa.base.BaseTest:87 - waitForElementVisibility - Located by By.chained({By.AccessibilityId: test-Password})
[INFO ] 22 Jun 2022 11:15:51,567 qa.base.BaseTest:102 - sendKeys - Located by By.chained({By.AccessibilityId: test-Password}): Enter Password
[INFO ] 22 Jun 2022 11:15:52,140 qa.base.BaseTest:87 - waitForElementVisibility - Located by By.chained({By.AccessibilityId: test-LOGIN})
[INFO ] 22 Jun 2022 11:15:52,659 qa.base.BaseTest:95 - click - Located by By.chained({By.AccessibilityId: test-LOGIN}): Press Login Button
[INFO ] 22 Jun 2022 11:15:52,752 qa.base.BaseTest:87 - waitForElementVisibility - Located by By.chained({By.xpath: (//android.widget.TextView[@content-desc="test-Item title"])[1]})
[INFO ] 22 Jun 2022 11:15:54,013 qa.base.BaseTest:95 - click - Located by By.chained({By.xpath: (//android.widget.TextView[@content-desc="test-Item title"])[1]}): Press SLB Title from ProductsPage
[INFO ] 22 Jun 2022 11:15:54,135 qa.base.BaseTest:87 - waitForElementVisibility - Located by By.chained({By.xpath: //android.view.ViewGroup[@content-desc="test-Description"]/android.widget.TextView[1]})
[INFO ] 22 Jun 2022 11:15:55,196 qa.base.BaseTest:109 - getAttribute - Located by By.chained({By.xpath: //android.view.ViewGroup[@content-desc="test-Description"]/android.widget.TextView[1]})text: getSLBTitleProdDetails from ProductDetailsPage
SLB title: Sauce Labs Backpack
[INFO ] 22 Jun 2022 11:15:55,266 qa.base.BaseTest:87 - waitForElementVisibility - Located by By.chained({By.xpath: //android.view.ViewGroup[@content-desc="test-Description"]/android.widget.TextView[2]})
[INFO ] 22 Jun 2022 11:15:55,345 qa.base.BaseTest:109 - getAttribute - Located by By.chained({By.xpath: //android.view.ViewGroup[@content-desc="test-Description"]/android.widget.TextView[2]})text: getProdDetailsSlbDetails from ProductDetailsPage
SLB Details: carry.allTheThings() with the sleek, streamlined Sly Pack that melds uncompromising style with unequaled laptop and tablet protection.
[INFO ] 22 Jun 2022 11:15:55,412 qa.base.BaseTest:115 - scrollToElement - Methode scrollToElement called from ProductDetailsTest_validateProdTitleDetailsPrice
[INFO ] 22 Jun 2022 11:15:58,593 qa.base.BaseTest:87 - waitForElementVisibility - Located by By.chained({By.AccessibilityId: test-Price})
[INFO ] 22 Jun 2022 11:15:58,691 qa.base.BaseTest:109 - getAttribute - Located by By.chained({By.AccessibilityId: test-Price})text: getProdDetailsSlbPrice from ProductDetailsPage
SLB Price: $29.99
[INFO ] 22 Jun 2022 11:15:58,730 qa.base.BaseTest:87 - waitForElementVisibility - Located by By.chained({By.AccessibilityId: test-Menu})
[INFO ] 22 Jun 2022 11:15:58,782 qa.base.BaseTest:95 - click - Located by By.chained({By.AccessibilityId: test-Menu}): Press Menu Button from - MenuPage
[INFO ] 22 Jun 2022 11:15:58,851 qa.base.BaseTest:87 - waitForElementVisibility - Located by By.chained({By.AccessibilityId: test-LOGOUT})
[INFO ] 22 Jun 2022 11:16:00,886 qa.base.BaseTest:95 - click - Located by By.chained({By.AccessibilityId: test-LOGOUT}): Press Logout Button from - SettingsPage
]]></system-out>
  </testcase>
  <testcase name="validateProdDetailsAndPrice" classname="com.qa.test.ProductDetailsTest" time="12.783">
    <system-out><![CDATA[[INFO ] 22 Jun 2022 11:16:00,951 qa.test.ProductDetailsTest:97 -  ++++++++++++++ validateProdDetailsAndPrice ++++++++++++++ 
LoginPage.login()
[INFO ] 22 Jun 2022 11:16:00,951 qa.base.BaseTest:87 - waitForElementVisibility - Located by By.chained({By.AccessibilityId: test-Username})
[INFO ] 22 Jun 2022 11:16:02,644 qa.base.BaseTest:102 - sendKeys - Located by By.chained({By.AccessibilityId: test-Username}): Enter UserName
[INFO ] 22 Jun 2022 11:16:03,209 qa.base.BaseTest:87 - waitForElementVisibility - Located by By.chained({By.AccessibilityId: test-Password})
[INFO ] 22 Jun 2022 11:16:03,740 qa.base.BaseTest:102 - sendKeys - Located by By.chained({By.AccessibilityId: test-Password}): Enter Password
[INFO ] 22 Jun 2022 11:16:04,320 qa.base.BaseTest:87 - waitForElementVisibility - Located by By.chained({By.AccessibilityId: test-LOGIN})
[INFO ] 22 Jun 2022 11:16:04,830 qa.base.BaseTest:95 - click - Located by By.chained({By.AccessibilityId: test-LOGIN}): Press Login Button
[INFO ] 22 Jun 2022 11:16:04,918 qa.base.BaseTest:87 - waitForElementVisibility - Located by By.chained({By.xpath: (//android.widget.TextView[@content-desc="test-Item title"])[1]})
[INFO ] 22 Jun 2022 11:16:06,098 qa.base.BaseTest:95 - click - Located by By.chained({By.xpath: (//android.widget.TextView[@content-desc="test-Item title"])[1]}): Press SLB Title from ProductsPage
[INFO ] 22 Jun 2022 11:16:06,202 qa.base.BaseTest:87 - waitForElementVisibility - Located by By.chained({By.xpath: //android.view.ViewGroup[@content-desc="test-Description"]/android.widget.TextView[1]})
[INFO ] 22 Jun 2022 11:16:07,258 qa.base.BaseTest:109 - getAttribute - Located by By.chained({By.xpath: //android.view.ViewGroup[@content-desc="test-Description"]/android.widget.TextView[1]})text: getSLBTitleProdDetails from ProductDetailsPage
SLB title: Sauce Labs Backpack
[INFO ] 22 Jun 2022 11:16:07,315 qa.base.BaseTest:87 - waitForElementVisibility - Located by By.chained({By.xpath: //android.view.ViewGroup[@content-desc="test-Description"]/android.widget.TextView[2]})
[INFO ] 22 Jun 2022 11:16:07,371 qa.base.BaseTest:109 - getAttribute - Located by By.chained({By.xpath: //android.view.ViewGroup[@content-desc="test-Description"]/android.widget.TextView[2]})text: getProdDetailsSlbDetails from ProductDetailsPage
SLB Details: carry.allTheThings() with the sleek, streamlined Sly Pack that melds uncompromising style with unequaled laptop and tablet protection.
[INFO ] 22 Jun 2022 11:16:07,424 qa.base.BaseTest:115 - scrollToElement - Methode scrollToElement called from ProductDetailsTest_validateProdDetailsAndPrice
[INFO ] 22 Jun 2022 11:16:10,471 qa.base.BaseTest:87 - waitForElementVisibility - Located by By.chained({By.AccessibilityId: test-Price})
[INFO ] 22 Jun 2022 11:16:10,570 qa.base.BaseTest:109 - getAttribute - Located by By.chained({By.AccessibilityId: test-Price})text: getProdDetailsSlbPrice from ProductDetailsPage
SLB Price: $29.99
[INFO ] 22 Jun 2022 11:16:10,615 qa.base.BaseTest:87 - waitForElementVisibility - Located by By.chained({By.AccessibilityId: test-BACK TO PRODUCTS})
[INFO ] 22 Jun 2022 11:16:10,646 qa.base.BaseTest:95 - click - Located by By.chained({By.AccessibilityId: test-BACK TO PRODUCTS}): Press pressBackToProductsBtn from ProductDetailsPage
[INFO ] 22 Jun 2022 11:16:10,718 qa.base.BaseTest:87 - waitForElementVisibility - Located by By.chained({By.xpath: (//android.widget.TextView[@content-desc="test-Item title"])[1]})
[INFO ] 22 Jun 2022 11:16:11,653 qa.base.BaseTest:109 - getAttribute - Located by By.chained({By.xpath: (//android.widget.TextView[@content-desc="test-Item title"])[1]})text: getSLBTitle from ProductsPage
SLB title: Sauce Labs Backpack
[INFO ] 22 Jun 2022 11:16:11,708 qa.base.BaseTest:87 - waitForElementVisibility - Located by By.chained({By.xpath: (//android.widget.TextView[@content-desc="test-Price"])[1]})
[INFO ] 22 Jun 2022 11:16:11,768 qa.base.BaseTest:109 - getAttribute - Located by By.chained({By.xpath: (//android.widget.TextView[@content-desc="test-Price"])[1]})text: getSLBPrice from ProductsPage
SLB price: $29.99
[INFO ] 22 Jun 2022 11:16:11,833 qa.base.BaseTest:87 - waitForElementVisibility - Located by By.chained({By.AccessibilityId: test-Menu})
[INFO ] 22 Jun 2022 11:16:11,866 qa.base.BaseTest:95 - click - Located by By.chained({By.AccessibilityId: test-Menu}): Press Menu Button from - MenuPage
[INFO ] 22 Jun 2022 11:16:11,935 qa.base.BaseTest:87 - waitForElementVisibility - Located by By.chained({By.AccessibilityId: test-LOGOUT})
[INFO ] 22 Jun 2022 11:16:13,664 qa.base.BaseTest:95 - click - Located by By.chained({By.AccessibilityId: test-LOGOUT}): Press Logout Button from - SettingsPage
]]></system-out>
  </testcase>
  <testcase name="validateProdTitlePriceWithDeeplink" classname="com.qa.test.ProductDetailsTest" time="3.735">
    <system-out><![CDATA[[INFO ] 22 Jun 2022 11:16:13,735 qa.test.ProductDetailsTest:134 -  ++++++++++++++ validateProdTitlePriceWithDeeplink ++++++++++++++ 
[INFO ] 22 Jun 2022 11:16:13,737 qa.base.BaseTest:123 - getting android driver
[INFO ] 22 Jun 2022 11:16:13,865 qa.base.BaseTest:87 - waitForElementVisibility - Located by By.chained({By.xpath: (//android.widget.TextView[@content-desc="test-Item title"])[1]})
[INFO ] 22 Jun 2022 11:16:15,500 qa.base.BaseTest:109 - getAttribute - Located by By.chained({By.xpath: (//android.widget.TextView[@content-desc="test-Item title"])[1]})text: getSLBTitle from ProductsPage
SLB title: Sauce Labs Backpack
[INFO ] 22 Jun 2022 11:16:15,557 qa.base.BaseTest:87 - waitForElementVisibility - Located by By.chained({By.xpath: (//android.widget.TextView[@content-desc="test-Price"])[1]})
[INFO ] 22 Jun 2022 11:16:15,625 qa.base.BaseTest:109 - getAttribute - Located by By.chained({By.xpath: (//android.widget.TextView[@content-desc="test-Price"])[1]})text: getSLBPrice from ProductsPage
SLB price: $29.99
[INFO ] 22 Jun 2022 11:16:15,687 qa.base.BaseTest:87 - waitForElementVisibility - Located by By.chained({By.AccessibilityId: test-Menu})
[INFO ] 22 Jun 2022 11:16:15,729 qa.base.BaseTest:95 - click - Located by By.chained({By.AccessibilityId: test-Menu}): Press Menu Button from - MenuPage
[INFO ] 22 Jun 2022 11:16:15,809 qa.base.BaseTest:87 - waitForElementVisibility - Located by By.chained({By.AccessibilityId: test-LOGOUT})
[INFO ] 22 Jun 2022 11:16:17,404 qa.base.BaseTest:95 - click - Located by By.chained({By.AccessibilityId: test-LOGOUT}): Press Logout Button from - SettingsPage
]]></system-out>
  </testcase>
  <testcase name="validateProdDetailsAndPriceWithDeeplink" classname="com.qa.test.ProductDetailsTest" time="9.649">
    <system-out><![CDATA[[INFO ] 22 Jun 2022 11:16:17,469 qa.test.ProductDetailsTest:156 -  ++++++++++++++ validateProdDetailsAndPriceWithDeeplink ++++++++++++++
[INFO ] 22 Jun 2022 11:16:17,470 qa.base.BaseTest:123 - getting android driver
[INFO ] 22 Jun 2022 11:16:17,536 qa.base.BaseTest:87 - waitForElementVisibility - Located by By.chained({By.xpath: (//android.widget.TextView[@content-desc="test-Item title"])[1]})
[INFO ] 22 Jun 2022 11:16:19,283 qa.base.BaseTest:95 - click - Located by By.chained({By.xpath: (//android.widget.TextView[@content-desc="test-Item title"])[1]}): Press SLB Title from ProductsPage
[INFO ] 22 Jun 2022 11:16:19,368 qa.base.BaseTest:87 - waitForElementVisibility - Located by By.chained({By.xpath: //android.view.ViewGroup[@content-desc="test-Description"]/android.widget.TextView[1]})
[INFO ] 22 Jun 2022 11:16:20,568 qa.base.BaseTest:109 - getAttribute - Located by By.chained({By.xpath: //android.view.ViewGroup[@content-desc="test-Description"]/android.widget.TextView[1]})text: getSLBTitleProdDetails from ProductDetailsPage
SLB title: Sauce Labs Backpack
[INFO ] 22 Jun 2022 11:16:20,633 qa.base.BaseTest:87 - waitForElementVisibility - Located by By.chained({By.xpath: //android.view.ViewGroup[@content-desc="test-Description"]/android.widget.TextView[2]})
[INFO ] 22 Jun 2022 11:16:20,691 qa.base.BaseTest:109 - getAttribute - Located by By.chained({By.xpath: //android.view.ViewGroup[@content-desc="test-Description"]/android.widget.TextView[2]})text: getProdDetailsSlbDetails from ProductDetailsPage
SLB Details: carry.allTheThings() with the sleek, streamlined Sly Pack that melds uncompromising style with unequaled laptop and tablet protection.
[INFO ] 22 Jun 2022 11:16:20,753 qa.base.BaseTest:115 - scrollToElement - Methode scrollToElement called from ProductDetailsTest_validateProdDetailsAndPrice
[INFO ] 22 Jun 2022 11:16:23,956 qa.base.BaseTest:87 - waitForElementVisibility - Located by By.chained({By.AccessibilityId: test-Price})
[INFO ] 22 Jun 2022 11:16:24,024 qa.base.BaseTest:109 - getAttribute - Located by By.chained({By.AccessibilityId: test-Price})text: getProdDetailsSlbPrice from ProductDetailsPage
SLB Price: $29.99
[INFO ] 22 Jun 2022 11:16:24,059 qa.base.BaseTest:87 - waitForElementVisibility - Located by By.chained({By.AccessibilityId: test-BACK TO PRODUCTS})
[INFO ] 22 Jun 2022 11:16:24,104 qa.base.BaseTest:95 - click - Located by By.chained({By.AccessibilityId: test-BACK TO PRODUCTS}): Press pressBackToProductsBtn from ProductDetailsPage
[INFO ] 22 Jun 2022 11:16:24,197 qa.base.BaseTest:87 - waitForElementVisibility - Located by By.chained({By.xpath: (//android.widget.TextView[@content-desc="test-Item title"])[1]})
[INFO ] 22 Jun 2022 11:16:25,062 qa.base.BaseTest:109 - getAttribute - Located by By.chained({By.xpath: (//android.widget.TextView[@content-desc="test-Item title"])[1]})text: getSLBTitle from ProductsPage
SLB title: Sauce Labs Backpack
[INFO ] 22 Jun 2022 11:16:25,128 qa.base.BaseTest:87 - waitForElementVisibility - Located by By.chained({By.xpath: (//android.widget.TextView[@content-desc="test-Price"])[1]})
[INFO ] 22 Jun 2022 11:16:25,190 qa.base.BaseTest:109 - getAttribute - Located by By.chained({By.xpath: (//android.widget.TextView[@content-desc="test-Price"])[1]})text: getSLBPrice from ProductsPage
SLB price: $29.99
[INFO ] 22 Jun 2022 11:16:25,237 qa.base.BaseTest:87 - waitForElementVisibility - Located by By.chained({By.AccessibilityId: test-Menu})
[INFO ] 22 Jun 2022 11:16:25,265 qa.base.BaseTest:95 - click - Located by By.chained({By.AccessibilityId: test-Menu}): Press Menu Button from - MenuPage
[INFO ] 22 Jun 2022 11:16:25,355 qa.base.BaseTest:87 - waitForElementVisibility - Located by By.chained({By.AccessibilityId: test-LOGOUT})
[INFO ] 22 Jun 2022 11:16:27,051 qa.base.BaseTest:95 - click - Located by By.chained({By.AccessibilityId: test-LOGOUT}): Press Logout Button from - SettingsPage
]]></system-out>
  </testcase>
</testsuite>