<?xml version="1.0" encoding="UTF-8"?>
<testng-results ignored="2" total="3" passed="1" failed="0" skipped="0">
  <reporter-output>
  </reporter-output>
  <suite started-at="2022-10-18T16:04:52 PKT" name="SwagLabParallel" finished-at="2022-10-18T16:05:06 PKT" duration-ms="13940">
    <groups>
    </groups>
    <test started-at="2022-10-18T16:04:52 PKT" name="Pixel4_Emulator" finished-at="2022-10-18T16:05:06 PKT" duration-ms="13940">
      <class name="com.qa.test.LoginTest">
        <test-method is-config="true" signature="beforeTest(java.lang.String,java.lang.String,java.lang.String,java.lang.String)[pri:0, instance:com.qa.test.LoginTest@2807bdeb]" started-at="2022-10-18T16:04:52 PKT" name="beforeTest" finished-at="2022-10-18T16:05:02 PKT" duration-ms="9452" status="PASS">
          <params>
            <param index="0">
              <value>
                <![CDATA[emulator]]>
              </value>
            </param>
            <param index="1">
              <value>
                <![CDATA[emulator-5554]]>
              </value>
            </param>
            <param index="2">
              <value>
                <![CDATA[Pixel4_Emulator]]>
              </value>
            </param>
            <param index="3">
              <value>
                <![CDATA[true]]>
              </value>
            </param>
          </params>
          <reporter-output>
          </reporter-output>
        </test-method> <!-- beforeTest -->
        <test-method is-config="true" signature="beforeClass()[pri:0, instance:com.qa.test.LoginTest@2807bdeb]" started-at="2022-10-18T16:05:02 PKT" name="beforeClass" finished-at="2022-10-18T16:05:02 PKT" duration-ms="145" status="PASS">
          <reporter-output>
          </reporter-output>
        </test-method> <!-- beforeClass -->
        <test-method signature="incorrectUser()[pri:0, instance:com.qa.test.LoginTest@2807bdeb]" started-at="2022-10-18T16:05:02 PKT" name="incorrectUser" finished-at="2022-10-18T16:05:06 PKT" duration-ms="4021" status="PASS">
          <reporter-output>
          </reporter-output>
        </test-method> <!-- incorrectUser -->
        <test-method is-config="true" signature="afterClass()[pri:0, instance:com.qa.test.LoginTest@2807bdeb]" started-at="2022-10-18T16:05:06 PKT" name="afterClass" finished-at="2022-10-18T16:05:06 PKT" duration-ms="0" status="PASS">
          <reporter-output>
          </reporter-output>
        </test-method> <!-- afterClass -->
        <test-method is-config="true" signature="afterTest()[pri:0, instance:com.qa.test.LoginTest@2807bdeb]" started-at="2022-10-18T16:05:06 PKT" name="afterTest" finished-at="2022-10-18T16:05:06 PKT" duration-ms="285" status="PASS">
          <reporter-output>
          </reporter-output>
        </test-method> <!-- afterTest -->
      </class> <!-- com.qa.test.LoginTest -->
    </test> <!-- Pixel4_Emulator -->
  </suite> <!-- SwagLabParallel -->
</testng-results>
