<?xml version="1.0" encoding="UTF-8"?>
<testsuite xmlns:xsi="http://www.w3.org/2001/XMLSchema-instance" xsi:noNamespaceSchemaLocation="https://maven.apache.org/surefire/maven-surefire-plugin/xsd/surefire-test-report-3.0.xsd" version="3.0" name="TestSuite" time="58.198" tests="10" errors="0" skipped="0" failures="0">
  <properties>
[...]
</properties>
  <testcase name="validateProdTitlePrice" classname="com.qa.test.ProductDetailsTest" time="5.619">
    <system-out><![CDATA[[TestNGContentHandler] [WARN] It is strongly recommended to add "<!DOCTYPE suite SYSTEM "https://testng.org/testng-1.0.dtd" >" at the top of the suite file [C:\Users\eBricks\eclipse-workspace\SwagLabParallel\swaglab.xml] otherwise TestNG may fail or not work as expected.
[INFO ] 12 Oct 2022 22:37:42,981 qa.base.BaseTest:48 - getting android driver
[INFO ] 12 Oct 2022 22:37:43,033 qa.base.BaseTest:48 - getting android driver
[INFO ] 12 Oct 2022 22:37:43,054 qa.base.BaseTest:93 - Properties object created
[INFO ] 12 Oct 2022 22:37:43,054 qa.base.BaseTest:93 - Properties object created
[INFO ] 12 Oct 2022 22:37:43,056 qa.base.BaseTest:97 - Properties file loaded
[INFO ] 12 Oct 2022 22:37:43,056 qa.base.BaseTest:97 - Properties file loaded
[INFO ] 12 Oct 2022 22:37:43,064 qa.base.BaseTest:100 - parseStringXML method called
[INFO ] 12 Oct 2022 22:37:43,064 qa.base.BaseTest:100 - parseStringXML method called
[INFO ] 12 Oct 2022 22:37:43,066 qa.base.BaseTest:103 - DesiredCapabilities object created
[INFO ] 12 Oct 2022 22:37:43,066 qa.base.BaseTest:103 - DesiredCapabilities object created
[INFO ] 12 Oct 2022 22:37:43,067 qa.base.BaseTest:113 - Required DesiredCapabilities are set
[INFO ] 12 Oct 2022 22:37:43,067 qa.base.BaseTest:113 - Required DesiredCapabilities are set
[INFO ] 12 Oct 2022 22:37:43,068 qa.base.BaseTest:119 - Desired Capabilities for Pixel4_Emulator have been set
[INFO ] 12 Oct 2022 22:37:43,068 qa.base.BaseTest:124 - Desired Capabilities for Pixel4_Real_Device have been set
[INFO ] 12 Oct 2022 22:37:48,095 qa.base.BaseTest:131 - AndroidDriver object created
[INFO ] 12 Oct 2022 22:37:48,096 qa.base.BaseTest:137 - closing configis
[INFO ] 12 Oct 2022 22:37:48,096 qa.base.BaseTest:141 - closing stringis
[INFO ] 12 Oct 2022 22:37:48,110 qa.base.BaseTest:48 - getting android driver
[INFO ] 12 Oct 2022 22:37:48,510 qa.test.ProductDetailsTest:49 -  ++++++++++++++ validateProdTitlePrice ++++++++++++++ 
LoginPage.login()
[INFO ] 12 Oct 2022 22:37:48,514 qa.base.BaseTest:163 - waitForElementVisibility - Located by By.chained({By.AccessibilityId: test-Username})
[INFO ] 12 Oct 2022 22:37:48,525 qa.base.BaseTest:48 - getting android driver
[INFO ] 12 Oct 2022 22:37:49,153 qa.base.BaseTest:179 - sendKeys - Located by By.chained({By.AccessibilityId: test-Username}): Enter UserName
[INFO ] 12 Oct 2022 22:37:49,804 qa.base.BaseTest:163 - waitForElementVisibility - Located by By.chained({By.AccessibilityId: test-Password})
[INFO ] 12 Oct 2022 22:37:49,807 qa.base.BaseTest:48 - getting android driver
[INFO ] 12 Oct 2022 22:37:49,919 qa.base.BaseTest:131 - AndroidDriver object created
[INFO ] 12 Oct 2022 22:37:49,920 qa.base.BaseTest:137 - closing configis
[INFO ] 12 Oct 2022 22:37:49,921 qa.base.BaseTest:141 - closing stringis
[INFO ] 12 Oct 2022 22:37:49,922 qa.base.BaseTest:48 - getting android driver
[INFO ] 12 Oct 2022 22:37:49,927 qa.test.ProductDetailsTest:49 -  ++++++++++++++ validateProdTitlePrice ++++++++++++++ 
LoginPage.login()
[INFO ] 12 Oct 2022 22:37:49,929 qa.base.BaseTest:163 - waitForElementVisibility - Located by By.chained({By.AccessibilityId: test-Username})
[INFO ] 12 Oct 2022 22:37:49,932 qa.base.BaseTest:48 - getting android driver
[INFO ] 12 Oct 2022 22:37:50,390 qa.base.BaseTest:179 - sendKeys - Located by By.chained({By.AccessibilityId: test-Password}): Enter Password
[INFO ] 12 Oct 2022 22:37:51,007 qa.base.BaseTest:163 - waitForElementVisibility - Located by By.chained({By.AccessibilityId: test-LOGIN})
[INFO ] 12 Oct 2022 22:37:51,008 qa.base.BaseTest:48 - getting android driver
[INFO ] 12 Oct 2022 22:37:51,567 qa.base.BaseTest:172 - click - Located by By.chained({By.AccessibilityId: test-LOGIN}): Press Login Button
[INFO ] 12 Oct 2022 22:37:51,649 qa.base.BaseTest:179 - sendKeys - Located by By.chained({By.AccessibilityId: test-Username}): Enter UserName
[INFO ] 12 Oct 2022 22:37:51,676 qa.base.BaseTest:48 - getting android driver
[INFO ] 12 Oct 2022 22:37:51,678 qa.base.BaseTest:163 - waitForElementVisibility - Located by By.chained({By.xpath: (//android.widget.TextView[@content-desc="test-Item title"])[1]})
[INFO ] 12 Oct 2022 22:37:51,679 qa.base.BaseTest:48 - getting android driver
[INFO ] 12 Oct 2022 22:37:51,709 qa.base.BaseTest:163 - waitForElementVisibility - Located by By.chained({By.AccessibilityId: test-Password})
[INFO ] 12 Oct 2022 22:37:51,709 qa.base.BaseTest:48 - getting android driver
[INFO ] 12 Oct 2022 22:37:52,241 qa.base.BaseTest:179 - sendKeys - Located by By.chained({By.AccessibilityId: test-Password}): Enter Password
[INFO ] 12 Oct 2022 22:37:52,332 qa.base.BaseTest:163 - waitForElementVisibility - Located by By.chained({By.AccessibilityId: test-LOGIN})
[INFO ] 12 Oct 2022 22:37:52,333 qa.base.BaseTest:48 - getting android driver
[INFO ] 12 Oct 2022 22:37:52,836 qa.base.BaseTest:186 - getAttribute - Located by By.chained({By.xpath: (//android.widget.TextView[@content-desc="test-Item title"])[1]})text: getSLBTitle from ProductsPage
[INFO ] 12 Oct 2022 22:37:52,915 qa.base.BaseTest:172 - click - Located by By.chained({By.AccessibilityId: test-LOGIN}): Press Login Button
[INFO ] 12 Oct 2022 22:37:53,005 qa.base.BaseTest:48 - getting android driver
[INFO ] 12 Oct 2022 22:37:53,008 qa.base.BaseTest:163 - waitForElementVisibility - Located by By.chained({By.xpath: (//android.widget.TextView[@content-desc="test-Item title"])[1]})
[INFO ] 12 Oct 2022 22:37:53,008 qa.base.BaseTest:48 - getting android driver
SLB title: Sauce Labs Backpack
[INFO ] 12 Oct 2022 22:37:53,043 qa.base.BaseTest:163 - waitForElementVisibility - Located by By.chained({By.xpath: (//android.widget.TextView[@content-desc="test-Price"])[1]})
[INFO ] 12 Oct 2022 22:37:53,043 qa.base.BaseTest:48 - getting android driver
[INFO ] 12 Oct 2022 22:37:53,238 qa.base.BaseTest:186 - getAttribute - Located by By.chained({By.xpath: (//android.widget.TextView[@content-desc="test-Price"])[1]})text: getSLBPrice from ProductsPage
SLB price: $29.99
[INFO ] 12 Oct 2022 22:37:53,394 qa.base.BaseTest:163 - waitForElementVisibility - Located by By.chained({By.AccessibilityId: test-Menu})
[INFO ] 12 Oct 2022 22:37:53,395 qa.base.BaseTest:48 - getting android driver
[INFO ] 12 Oct 2022 22:37:53,684 qa.base.BaseTest:172 - click - Located by By.chained({By.AccessibilityId: test-Menu}): Press Menu Button from - MenuPage
[INFO ] 12 Oct 2022 22:37:53,798 qa.base.BaseTest:48 - getting android driver
[INFO ] 12 Oct 2022 22:37:53,799 qa.base.BaseTest:163 - waitForElementVisibility - Located by By.chained({By.AccessibilityId: test-LOGOUT})
[INFO ] 12 Oct 2022 22:37:53,799 qa.base.BaseTest:48 - getting android driver
[INFO ] 12 Oct 2022 22:37:54,273 qa.base.BaseTest:186 - getAttribute - Located by By.chained({By.xpath: (//android.widget.TextView[@content-desc="test-Item title"])[1]})text: getSLBTitle from ProductsPage
SLB title: Sauce Labs Backpack
[INFO ] 12 Oct 2022 22:37:54,404 qa.base.BaseTest:163 - waitForElementVisibility - Located by By.chained({By.xpath: (//android.widget.TextView[@content-desc="test-Price"])[1]})
[INFO ] 12 Oct 2022 22:37:54,405 qa.base.BaseTest:48 - getting android driver
[INFO ] 12 Oct 2022 22:37:54,515 qa.base.BaseTest:186 - getAttribute - Located by By.chained({By.xpath: (//android.widget.TextView[@content-desc="test-Price"])[1]})text: getSLBPrice from ProductsPage
SLB price: $29.99
[INFO ] 12 Oct 2022 22:37:54,635 qa.base.BaseTest:163 - waitForElementVisibility - Located by By.chained({By.AccessibilityId: test-Menu})
[INFO ] 12 Oct 2022 22:37:54,636 qa.base.BaseTest:48 - getting android driver
[INFO ] 12 Oct 2022 22:37:54,677 qa.base.BaseTest:172 - click - Located by By.chained({By.AccessibilityId: test-Menu}): Press Menu Button from - MenuPage
[INFO ] 12 Oct 2022 22:37:54,777 qa.base.BaseTest:48 - getting android driver
[INFO ] 12 Oct 2022 22:37:54,780 qa.base.BaseTest:163 - waitForElementVisibility - Located by By.chained({By.AccessibilityId: test-LOGOUT})
[INFO ] 12 Oct 2022 22:37:54,782 qa.base.BaseTest:48 - getting android driver
[INFO ] 12 Oct 2022 22:37:55,492 qa.base.BaseTest:172 - click - Located by By.chained({By.AccessibilityId: test-LOGOUT}): Press Logout Button from - SettingsPage
[INFO ] 12 Oct 2022 22:37:55,584 qa.base.BaseTest:48 - getting android driver
]]></system-out>
    <system-err><![CDATA[Oct 12, 2022 10:37:48 PM io.appium.java_client.remote.AppiumCommandExecutor$1 lambda$0
INFO: Detected dialect: W3C
Oct 12, 2022 10:37:49 PM io.appium.java_client.remote.AppiumCommandExecutor$1 lambda$0
INFO: Detected dialect: W3C
]]></system-err>
  </testcase>
  <testcase name="validateProdTitlePrice" classname="com.qa.test.ProductDetailsTest" time="0.934">
    <system-out><![CDATA[[INFO ] 12 Oct 2022 22:37:55,592 qa.test.ProductDetailsTest:70 -  ++++++++++++++ validateProdTitleDetailsPrice ++++++++++++++ 
LoginPage.login()
[INFO ] 12 Oct 2022 22:37:55,593 qa.base.BaseTest:163 - waitForElementVisibility - Located by By.chained({By.AccessibilityId: test-Username})
[INFO ] 12 Oct 2022 22:37:55,594 qa.base.BaseTest:48 - getting android driver
[INFO ] 12 Oct 2022 22:37:56,431 qa.base.BaseTest:172 - click - Located by By.chained({By.AccessibilityId: test-LOGOUT}): Press Logout Button from - SettingsPage
[INFO ] 12 Oct 2022 22:37:56,523 qa.base.BaseTest:48 - getting android driver
]]></system-out>
  </testcase>
  <testcase name="validateProdTitleDetailsPrice" classname="com.qa.test.ProductDetailsTest" time="11.746">
    <system-out><![CDATA[[INFO ] 12 Oct 2022 22:37:56,530 qa.test.ProductDetailsTest:70 -  ++++++++++++++ validateProdTitleDetailsPrice ++++++++++++++ 
LoginPage.login()
[INFO ] 12 Oct 2022 22:37:56,531 qa.base.BaseTest:163 - waitForElementVisibility - Located by By.chained({By.AccessibilityId: test-Username})
[INFO ] 12 Oct 2022 22:37:56,533 qa.base.BaseTest:48 - getting android driver
[INFO ] 12 Oct 2022 22:37:57,273 qa.base.BaseTest:179 - sendKeys - Located by By.chained({By.AccessibilityId: test-Username}): Enter UserName
[INFO ] 12 Oct 2022 22:37:57,864 qa.base.BaseTest:163 - waitForElementVisibility - Located by By.chained({By.AccessibilityId: test-Password})
[INFO ] 12 Oct 2022 22:37:57,865 qa.base.BaseTest:48 - getting android driver
[INFO ] 12 Oct 2022 22:37:58,247 qa.base.BaseTest:179 - sendKeys - Located by By.chained({By.AccessibilityId: test-Username}): Enter UserName
[INFO ] 12 Oct 2022 22:37:58,755 qa.base.BaseTest:179 - sendKeys - Located by By.chained({By.AccessibilityId: test-Password}): Enter Password
[INFO ] 12 Oct 2022 22:37:58,805 qa.base.BaseTest:163 - waitForElementVisibility - Located by By.chained({By.AccessibilityId: test-Password})
[INFO ] 12 Oct 2022 22:37:58,805 qa.base.BaseTest:48 - getting android driver
[INFO ] 12 Oct 2022 22:37:59,321 qa.base.BaseTest:179 - sendKeys - Located by By.chained({By.AccessibilityId: test-Password}): Enter Password
[INFO ] 12 Oct 2022 22:37:59,343 qa.base.BaseTest:163 - waitForElementVisibility - Located by By.chained({By.AccessibilityId: test-LOGIN})
[INFO ] 12 Oct 2022 22:37:59,344 qa.base.BaseTest:48 - getting android driver
[INFO ] 12 Oct 2022 22:37:59,895 qa.base.BaseTest:163 - waitForElementVisibility - Located by By.chained({By.AccessibilityId: test-LOGIN})
[INFO ] 12 Oct 2022 22:37:59,895 qa.base.BaseTest:48 - getting android driver
[INFO ] 12 Oct 2022 22:37:59,901 qa.base.BaseTest:172 - click - Located by By.chained({By.AccessibilityId: test-LOGIN}): Press Login Button
[INFO ] 12 Oct 2022 22:37:59,999 qa.base.BaseTest:48 - getting android driver
[INFO ] 12 Oct 2022 22:38:00,001 qa.base.BaseTest:163 - waitForElementVisibility - Located by By.chained({By.xpath: (//android.widget.TextView[@content-desc="test-Item title"])[1]})
[INFO ] 12 Oct 2022 22:38:00,002 qa.base.BaseTest:48 - getting android driver
[INFO ] 12 Oct 2022 22:38:00,422 qa.base.BaseTest:172 - click - Located by By.chained({By.AccessibilityId: test-LOGIN}): Press Login Button
[INFO ] 12 Oct 2022 22:38:01,136 qa.base.BaseTest:172 - click - Located by By.chained({By.xpath: (//android.widget.TextView[@content-desc="test-Item title"])[1]}): Press SLB Title from ProductsPage
[INFO ] 12 Oct 2022 22:38:01,341 qa.base.BaseTest:48 - getting android driver
[INFO ] 12 Oct 2022 22:38:01,344 qa.base.BaseTest:163 - waitForElementVisibility - Located by By.chained({By.xpath: //android.view.ViewGroup[@content-desc="test-Description"]/android.widget.TextView[1]})
[INFO ] 12 Oct 2022 22:38:01,346 qa.base.BaseTest:48 - getting android driver
[INFO ] 12 Oct 2022 22:38:01,669 qa.base.BaseTest:48 - getting android driver
[INFO ] 12 Oct 2022 22:38:01,671 qa.base.BaseTest:163 - waitForElementVisibility - Located by By.chained({By.xpath: (//android.widget.TextView[@content-desc="test-Item title"])[1]})
[INFO ] 12 Oct 2022 22:38:01,671 qa.base.BaseTest:48 - getting android driver
[INFO ] 12 Oct 2022 22:38:01,770 qa.base.BaseTest:172 - click - Located by By.chained({By.xpath: (//android.widget.TextView[@content-desc="test-Item title"])[1]}): Press SLB Title from ProductsPage
[INFO ] 12 Oct 2022 22:38:01,922 qa.base.BaseTest:48 - getting android driver
[INFO ] 12 Oct 2022 22:38:01,923 qa.base.BaseTest:163 - waitForElementVisibility - Located by By.chained({By.xpath: //android.view.ViewGroup[@content-desc="test-Description"]/android.widget.TextView[1]})
[INFO ] 12 Oct 2022 22:38:01,924 qa.base.BaseTest:48 - getting android driver
[INFO ] 12 Oct 2022 22:38:02,442 qa.base.BaseTest:186 - getAttribute - Located by By.chained({By.xpath: //android.view.ViewGroup[@content-desc="test-Description"]/android.widget.TextView[1]})text: getSLBTitleProdDetails from ProductDetailsPage
SLB title: Sauce Labs Backpack
[INFO ] 12 Oct 2022 22:38:02,572 qa.base.BaseTest:163 - waitForElementVisibility - Located by By.chained({By.xpath: //android.view.ViewGroup[@content-desc="test-Description"]/android.widget.TextView[2]})
[INFO ] 12 Oct 2022 22:38:02,573 qa.base.BaseTest:48 - getting android driver
[INFO ] 12 Oct 2022 22:38:02,716 qa.base.BaseTest:186 - getAttribute - Located by By.chained({By.xpath: //android.view.ViewGroup[@content-desc="test-Description"]/android.widget.TextView[2]})text: getProdDetailsSlbDetails from ProductDetailsPage
SLB Details: carry.allTheThings() with the sleek, streamlined Sly Pack that melds uncompromising style with unequaled laptop and tablet protection.
[INFO ] 12 Oct 2022 22:38:02,862 qa.base.BaseTest:192 - scrollToElement - Methode scrollToElement called from ProductDetailsTest_validateProdTitleDetailsPrice
[INFO ] 12 Oct 2022 22:38:02,863 qa.base.BaseTest:48 - getting android driver
[INFO ] 12 Oct 2022 22:38:03,112 qa.base.BaseTest:186 - getAttribute - Located by By.chained({By.xpath: //android.view.ViewGroup[@content-desc="test-Description"]/android.widget.TextView[1]})text: getSLBTitleProdDetails from ProductDetailsPage
SLB title: Sauce Labs Backpack
[INFO ] 12 Oct 2022 22:38:03,197 qa.base.BaseTest:163 - waitForElementVisibility - Located by By.chained({By.xpath: //android.view.ViewGroup[@content-desc="test-Description"]/android.widget.TextView[2]})
[INFO ] 12 Oct 2022 22:38:03,197 qa.base.BaseTest:48 - getting android driver
[INFO ] 12 Oct 2022 22:38:03,293 qa.base.BaseTest:186 - getAttribute - Located by By.chained({By.xpath: //android.view.ViewGroup[@content-desc="test-Description"]/android.widget.TextView[2]})text: getProdDetailsSlbDetails from ProductDetailsPage
SLB Details: carry.allTheThings() with the sleek, streamlined Sly Pack that melds uncompromising style with unequaled laptop and tablet protection.
[INFO ] 12 Oct 2022 22:38:03,372 qa.base.BaseTest:192 - scrollToElement - Methode scrollToElement called from ProductDetailsTest_validateProdTitleDetailsPrice
[INFO ] 12 Oct 2022 22:38:03,373 qa.base.BaseTest:48 - getting android driver
[INFO ] 12 Oct 2022 22:38:06,188 qa.base.BaseTest:163 - waitForElementVisibility - Located by By.chained({By.AccessibilityId: test-Price})
[INFO ] 12 Oct 2022 22:38:06,190 qa.base.BaseTest:48 - getting android driver
[INFO ] 12 Oct 2022 22:38:06,273 qa.base.BaseTest:186 - getAttribute - Located by By.chained({By.AccessibilityId: test-Price})text: getProdDetailsSlbPrice from ProductDetailsPage
SLB Price: $29.99
[INFO ] 12 Oct 2022 22:38:06,359 qa.base.BaseTest:163 - waitForElementVisibility - Located by By.chained({By.AccessibilityId: test-Menu})
[INFO ] 12 Oct 2022 22:38:06,361 qa.base.BaseTest:48 - getting android driver
[INFO ] 12 Oct 2022 22:38:06,431 qa.base.BaseTest:172 - click - Located by By.chained({By.AccessibilityId: test-Menu}): Press Menu Button from - MenuPage
[INFO ] 12 Oct 2022 22:38:06,527 qa.base.BaseTest:48 - getting android driver
[INFO ] 12 Oct 2022 22:38:06,529 qa.base.BaseTest:163 - waitForElementVisibility - Located by By.chained({By.AccessibilityId: test-LOGOUT})
[INFO ] 12 Oct 2022 22:38:06,532 qa.base.BaseTest:48 - getting android driver
[INFO ] 12 Oct 2022 22:38:08,196 qa.base.BaseTest:172 - click - Located by By.chained({By.AccessibilityId: test-LOGOUT}): Press Logout Button from - SettingsPage
[INFO ] 12 Oct 2022 22:38:08,232 qa.base.BaseTest:163 - waitForElementVisibility - Located by By.chained({By.AccessibilityId: test-Price})
[INFO ] 12 Oct 2022 22:38:08,233 qa.base.BaseTest:48 - getting android driver
[INFO ] 12 Oct 2022 22:38:08,275 qa.base.BaseTest:48 - getting android driver
]]></system-out>
  </testcase>
  <testcase name="validateProdTitleDetailsPrice" classname="com.qa.test.ProductDetailsTest" time="1.984">
    <system-out><![CDATA[[INFO ] 12 Oct 2022 22:38:08,276 qa.test.ProductDetailsTest:97 -  ++++++++++++++ validateProdDetailsAndPrice ++++++++++++++ 
LoginPage.login()
[INFO ] 12 Oct 2022 22:38:08,277 qa.base.BaseTest:163 - waitForElementVisibility - Located by By.chained({By.AccessibilityId: test-Username})
[INFO ] 12 Oct 2022 22:38:08,277 qa.base.BaseTest:48 - getting android driver
[INFO ] 12 Oct 2022 22:38:08,282 qa.base.BaseTest:186 - getAttribute - Located by By.chained({By.AccessibilityId: test-Price})text: getProdDetailsSlbPrice from ProductDetailsPage
SLB Price: $29.99
[INFO ] 12 Oct 2022 22:38:08,318 qa.base.BaseTest:163 - waitForElementVisibility - Located by By.chained({By.AccessibilityId: test-Menu})
[INFO ] 12 Oct 2022 22:38:08,319 qa.base.BaseTest:48 - getting android driver
[INFO ] 12 Oct 2022 22:38:08,358 qa.base.BaseTest:172 - click - Located by By.chained({By.AccessibilityId: test-Menu}): Press Menu Button from - MenuPage
[INFO ] 12 Oct 2022 22:38:08,459 qa.base.BaseTest:48 - getting android driver
[INFO ] 12 Oct 2022 22:38:08,462 qa.base.BaseTest:163 - waitForElementVisibility - Located by By.chained({By.AccessibilityId: test-LOGOUT})
[INFO ] 12 Oct 2022 22:38:08,464 qa.base.BaseTest:48 - getting android driver
[INFO ] 12 Oct 2022 22:38:09,920 qa.base.BaseTest:179 - sendKeys - Located by By.chained({By.AccessibilityId: test-Username}): Enter UserName
[INFO ] 12 Oct 2022 22:38:10,181 qa.base.BaseTest:172 - click - Located by By.chained({By.AccessibilityId: test-LOGOUT}): Press Logout Button from - SettingsPage
[INFO ] 12 Oct 2022 22:38:10,255 qa.base.BaseTest:48 - getting android driver
]]></system-out>
  </testcase>
  <testcase name="validateProdDetailsAndPrice" classname="com.qa.test.ProductDetailsTest" time="11.429">
    <system-out><![CDATA[[INFO ] 12 Oct 2022 22:38:10,258 qa.test.ProductDetailsTest:97 -  ++++++++++++++ validateProdDetailsAndPrice ++++++++++++++ 
LoginPage.login()
[INFO ] 12 Oct 2022 22:38:10,260 qa.base.BaseTest:163 - waitForElementVisibility - Located by By.chained({By.AccessibilityId: test-Username})
[INFO ] 12 Oct 2022 22:38:10,260 qa.base.BaseTest:48 - getting android driver
[INFO ] 12 Oct 2022 22:38:10,512 qa.base.BaseTest:163 - waitForElementVisibility - Located by By.chained({By.AccessibilityId: test-Password})
[INFO ] 12 Oct 2022 22:38:10,513 qa.base.BaseTest:48 - getting android driver
[INFO ] 12 Oct 2022 22:38:11,058 qa.base.BaseTest:179 - sendKeys - Located by By.chained({By.AccessibilityId: test-Password}): Enter Password
[INFO ] 12 Oct 2022 22:38:11,634 qa.base.BaseTest:163 - waitForElementVisibility - Located by By.chained({By.AccessibilityId: test-LOGIN})
[INFO ] 12 Oct 2022 22:38:11,636 qa.base.BaseTest:48 - getting android driver
[INFO ] 12 Oct 2022 22:38:12,039 qa.base.BaseTest:179 - sendKeys - Located by By.chained({By.AccessibilityId: test-Username}): Enter UserName
[INFO ] 12 Oct 2022 22:38:12,089 qa.base.BaseTest:163 - waitForElementVisibility - Located by By.chained({By.AccessibilityId: test-Password})
[INFO ] 12 Oct 2022 22:38:12,090 qa.base.BaseTest:48 - getting android driver
[INFO ] 12 Oct 2022 22:38:12,170 qa.base.BaseTest:172 - click - Located by By.chained({By.AccessibilityId: test-LOGIN}): Press Login Button
[INFO ] 12 Oct 2022 22:38:12,266 qa.base.BaseTest:48 - getting android driver
[INFO ] 12 Oct 2022 22:38:12,267 qa.base.BaseTest:163 - waitForElementVisibility - Located by By.chained({By.xpath: (//android.widget.TextView[@content-desc="test-Item title"])[1]})
[INFO ] 12 Oct 2022 22:38:12,267 qa.base.BaseTest:48 - getting android driver
[INFO ] 12 Oct 2022 22:38:12,610 qa.base.BaseTest:179 - sendKeys - Located by By.chained({By.AccessibilityId: test-Password}): Enter Password
[INFO ] 12 Oct 2022 22:38:13,180 qa.base.BaseTest:163 - waitForElementVisibility - Located by By.chained({By.AccessibilityId: test-LOGIN})
[INFO ] 12 Oct 2022 22:38:13,181 qa.base.BaseTest:48 - getting android driver
[INFO ] 12 Oct 2022 22:38:13,395 qa.base.BaseTest:172 - click - Located by By.chained({By.xpath: (//android.widget.TextView[@content-desc="test-Item title"])[1]}): Press SLB Title from ProductsPage
[INFO ] 12 Oct 2022 22:38:13,601 qa.base.BaseTest:48 - getting android driver
[INFO ] 12 Oct 2022 22:38:13,604 qa.base.BaseTest:163 - waitForElementVisibility - Located by By.chained({By.xpath: //android.view.ViewGroup[@content-desc="test-Description"]/android.widget.TextView[1]})
[INFO ] 12 Oct 2022 22:38:13,604 qa.base.BaseTest:48 - getting android driver
[INFO ] 12 Oct 2022 22:38:13,699 qa.base.BaseTest:172 - click - Located by By.chained({By.AccessibilityId: test-LOGIN}): Press Login Button
[INFO ] 12 Oct 2022 22:38:13,790 qa.base.BaseTest:48 - getting android driver
[INFO ] 12 Oct 2022 22:38:13,791 qa.base.BaseTest:163 - waitForElementVisibility - Located by By.chained({By.xpath: (//android.widget.TextView[@content-desc="test-Item title"])[1]})
[INFO ] 12 Oct 2022 22:38:13,793 qa.base.BaseTest:48 - getting android driver
[INFO ] 12 Oct 2022 22:38:14,559 qa.base.BaseTest:186 - getAttribute - Located by By.chained({By.xpath: //android.view.ViewGroup[@content-desc="test-Description"]/android.widget.TextView[1]})text: getSLBTitleProdDetails from ProductDetailsPage
SLB title: Sauce Labs Backpack
[INFO ] 12 Oct 2022 22:38:14,700 qa.base.BaseTest:163 - waitForElementVisibility - Located by By.chained({By.xpath: //android.view.ViewGroup[@content-desc="test-Description"]/android.widget.TextView[2]})
[INFO ] 12 Oct 2022 22:38:14,701 qa.base.BaseTest:48 - getting android driver
[INFO ] 12 Oct 2022 22:38:14,828 qa.base.BaseTest:186 - getAttribute - Located by By.chained({By.xpath: //android.view.ViewGroup[@content-desc="test-Description"]/android.widget.TextView[2]})text: getProdDetailsSlbDetails from ProductDetailsPage
SLB Details: carry.allTheThings() with the sleek, streamlined Sly Pack that melds uncompromising style with unequaled laptop and tablet protection.
[INFO ] 12 Oct 2022 22:38:14,956 qa.base.BaseTest:192 - scrollToElement - Methode scrollToElement called from ProductDetailsTest_validateProdDetailsAndPrice
[INFO ] 12 Oct 2022 22:38:14,956 qa.base.BaseTest:48 - getting android driver
[INFO ] 12 Oct 2022 22:38:15,069 qa.base.BaseTest:172 - click - Located by By.chained({By.xpath: (//android.widget.TextView[@content-desc="test-Item title"])[1]}): Press SLB Title from ProductsPage
[INFO ] 12 Oct 2022 22:38:15,225 qa.base.BaseTest:48 - getting android driver
[INFO ] 12 Oct 2022 22:38:15,228 qa.base.BaseTest:163 - waitForElementVisibility - Located by By.chained({By.xpath: //android.view.ViewGroup[@content-desc="test-Description"]/android.widget.TextView[1]})
[INFO ] 12 Oct 2022 22:38:15,231 qa.base.BaseTest:48 - getting android driver
[INFO ] 12 Oct 2022 22:38:16,393 qa.base.BaseTest:186 - getAttribute - Located by By.chained({By.xpath: //android.view.ViewGroup[@content-desc="test-Description"]/android.widget.TextView[1]})text: getSLBTitleProdDetails from ProductDetailsPage
SLB title: Sauce Labs Backpack
[INFO ] 12 Oct 2022 22:38:16,466 qa.base.BaseTest:163 - waitForElementVisibility - Located by By.chained({By.xpath: //android.view.ViewGroup[@content-desc="test-Description"]/android.widget.TextView[2]})
[INFO ] 12 Oct 2022 22:38:16,467 qa.base.BaseTest:48 - getting android driver
[INFO ] 12 Oct 2022 22:38:16,534 qa.base.BaseTest:186 - getAttribute - Located by By.chained({By.xpath: //android.view.ViewGroup[@content-desc="test-Description"]/android.widget.TextView[2]})text: getProdDetailsSlbDetails from ProductDetailsPage
SLB Details: carry.allTheThings() with the sleek, streamlined Sly Pack that melds uncompromising style with unequaled laptop and tablet protection.
[INFO ] 12 Oct 2022 22:38:16,610 qa.base.BaseTest:192 - scrollToElement - Methode scrollToElement called from ProductDetailsTest_validateProdDetailsAndPrice
[INFO ] 12 Oct 2022 22:38:16,611 qa.base.BaseTest:48 - getting android driver
[INFO ] 12 Oct 2022 22:38:18,339 qa.base.BaseTest:163 - waitForElementVisibility - Located by By.chained({By.AccessibilityId: test-Price})
[INFO ] 12 Oct 2022 22:38:18,340 qa.base.BaseTest:48 - getting android driver
[INFO ] 12 Oct 2022 22:38:18,407 qa.base.BaseTest:186 - getAttribute - Located by By.chained({By.AccessibilityId: test-Price})text: getProdDetailsSlbPrice from ProductDetailsPage
SLB Price: $29.99
[INFO ] 12 Oct 2022 22:38:18,488 qa.base.BaseTest:163 - waitForElementVisibility - Located by By.chained({By.AccessibilityId: test-BACK TO PRODUCTS})
[INFO ] 12 Oct 2022 22:38:18,489 qa.base.BaseTest:48 - getting android driver
[INFO ] 12 Oct 2022 22:38:18,559 qa.base.BaseTest:172 - click - Located by By.chained({By.AccessibilityId: test-BACK TO PRODUCTS}): Press pressBackToProductsBtn from ProductDetailsPage
[INFO ] 12 Oct 2022 22:38:18,644 qa.base.BaseTest:48 - getting android driver
[INFO ] 12 Oct 2022 22:38:18,645 qa.base.BaseTest:163 - waitForElementVisibility - Located by By.chained({By.xpath: (//android.widget.TextView[@content-desc="test-Item title"])[1]})
[INFO ] 12 Oct 2022 22:38:18,646 qa.base.BaseTest:48 - getting android driver
[INFO ] 12 Oct 2022 22:38:19,394 qa.base.BaseTest:186 - getAttribute - Located by By.chained({By.xpath: (//android.widget.TextView[@content-desc="test-Item title"])[1]})text: getSLBTitle from ProductsPage
SLB title: Sauce Labs Backpack
[INFO ] 12 Oct 2022 22:38:19,536 qa.base.BaseTest:163 - waitForElementVisibility - Located by By.chained({By.xpath: (//android.widget.TextView[@content-desc="test-Price"])[1]})
[INFO ] 12 Oct 2022 22:38:19,537 qa.base.BaseTest:48 - getting android driver
[INFO ] 12 Oct 2022 22:38:19,638 qa.base.BaseTest:186 - getAttribute - Located by By.chained({By.xpath: (//android.widget.TextView[@content-desc="test-Price"])[1]})text: getSLBPrice from ProductsPage
SLB price: $29.99
[INFO ] 12 Oct 2022 22:38:19,756 qa.base.BaseTest:163 - waitForElementVisibility - Located by By.chained({By.AccessibilityId: test-Menu})
[INFO ] 12 Oct 2022 22:38:19,757 qa.base.BaseTest:48 - getting android driver
[INFO ] 12 Oct 2022 22:38:19,814 qa.base.BaseTest:172 - click - Located by By.chained({By.AccessibilityId: test-Menu}): Press Menu Button from - MenuPage
[INFO ] 12 Oct 2022 22:38:19,899 qa.base.BaseTest:48 - getting android driver
[INFO ] 12 Oct 2022 22:38:19,900 qa.base.BaseTest:163 - waitForElementVisibility - Located by By.chained({By.AccessibilityId: test-LOGOUT})
[INFO ] 12 Oct 2022 22:38:19,901 qa.base.BaseTest:48 - getting android driver
[INFO ] 12 Oct 2022 22:38:21,287 qa.base.BaseTest:163 - waitForElementVisibility - Located by By.chained({By.AccessibilityId: test-Price})
[INFO ] 12 Oct 2022 22:38:21,288 qa.base.BaseTest:48 - getting android driver
[INFO ] 12 Oct 2022 22:38:21,326 qa.base.BaseTest:186 - getAttribute - Located by By.chained({By.AccessibilityId: test-Price})text: getProdDetailsSlbPrice from ProductDetailsPage
SLB Price: $29.99
[INFO ] 12 Oct 2022 22:38:21,358 qa.base.BaseTest:163 - waitForElementVisibility - Located by By.chained({By.AccessibilityId: test-BACK TO PRODUCTS})
[INFO ] 12 Oct 2022 22:38:21,358 qa.base.BaseTest:48 - getting android driver
[INFO ] 12 Oct 2022 22:38:21,389 qa.base.BaseTest:172 - click - Located by By.chained({By.AccessibilityId: test-BACK TO PRODUCTS}): Press pressBackToProductsBtn from ProductDetailsPage
[INFO ] 12 Oct 2022 22:38:21,471 qa.base.BaseTest:48 - getting android driver
[INFO ] 12 Oct 2022 22:38:21,472 qa.base.BaseTest:163 - waitForElementVisibility - Located by By.chained({By.xpath: (//android.widget.TextView[@content-desc="test-Item title"])[1]})
[INFO ] 12 Oct 2022 22:38:21,472 qa.base.BaseTest:48 - getting android driver
[INFO ] 12 Oct 2022 22:38:21,574 qa.base.BaseTest:172 - click - Located by By.chained({By.AccessibilityId: test-LOGOUT}): Press Logout Button from - SettingsPage
[INFO ] 12 Oct 2022 22:38:21,688 qa.base.BaseTest:48 - getting android driver
]]></system-out>
  </testcase>
  <testcase name="validateProdDetailsAndPrice" classname="com.qa.test.ProductDetailsTest" time="2.757">
    <system-out><![CDATA[[INFO ] 12 Oct 2022 22:38:21,691 qa.test.ProductDetailsTest:134 -  ++++++++++++++ validateProdTitlePriceWithDeeplink ++++++++++++++ 
[INFO ] 12 Oct 2022 22:38:21,693 qa.base.BaseTest:48 - getting android driver
[INFO ] 12 Oct 2022 22:38:21,694 qa.base.BaseTest:48 - getting android driver
[INFO ] 12 Oct 2022 22:38:21,774 qa.base.BaseTest:163 - waitForElementVisibility - Located by By.chained({By.xpath: (//android.widget.TextView[@content-desc="test-Item title"])[1]})
[INFO ] 12 Oct 2022 22:38:21,774 qa.base.BaseTest:48 - getting android driver
[INFO ] 12 Oct 2022 22:38:22,310 qa.base.BaseTest:186 - getAttribute - Located by By.chained({By.xpath: (//android.widget.TextView[@content-desc="test-Item title"])[1]})text: getSLBTitle from ProductsPage
SLB title: Sauce Labs Backpack
[INFO ] 12 Oct 2022 22:38:22,372 qa.base.BaseTest:163 - waitForElementVisibility - Located by By.chained({By.xpath: (//android.widget.TextView[@content-desc="test-Price"])[1]})
[INFO ] 12 Oct 2022 22:38:22,373 qa.base.BaseTest:48 - getting android driver
[INFO ] 12 Oct 2022 22:38:22,446 qa.base.BaseTest:186 - getAttribute - Located by By.chained({By.xpath: (//android.widget.TextView[@content-desc="test-Price"])[1]})text: getSLBPrice from ProductsPage
SLB price: $29.99
[INFO ] 12 Oct 2022 22:38:22,523 qa.base.BaseTest:163 - waitForElementVisibility - Located by By.chained({By.AccessibilityId: test-Menu})
[INFO ] 12 Oct 2022 22:38:22,524 qa.base.BaseTest:48 - getting android driver
[INFO ] 12 Oct 2022 22:38:22,559 qa.base.BaseTest:172 - click - Located by By.chained({By.AccessibilityId: test-Menu}): Press Menu Button from - MenuPage
[INFO ] 12 Oct 2022 22:38:22,663 qa.base.BaseTest:48 - getting android driver
[INFO ] 12 Oct 2022 22:38:22,664 qa.base.BaseTest:163 - waitForElementVisibility - Located by By.chained({By.AccessibilityId: test-LOGOUT})
[INFO ] 12 Oct 2022 22:38:22,665 qa.base.BaseTest:48 - getting android driver
[INFO ] 12 Oct 2022 22:38:23,439 qa.base.BaseTest:186 - getAttribute - Located by By.chained({By.xpath: (//android.widget.TextView[@content-desc="test-Item title"])[1]})text: getSLBTitle from ProductsPage
SLB title: Sauce Labs Backpack
[INFO ] 12 Oct 2022 22:38:23,599 qa.base.BaseTest:163 - waitForElementVisibility - Located by By.chained({By.xpath: (//android.widget.TextView[@content-desc="test-Price"])[1]})
[INFO ] 12 Oct 2022 22:38:23,599 qa.base.BaseTest:48 - getting android driver
[INFO ] 12 Oct 2022 22:38:23,864 qa.base.BaseTest:186 - getAttribute - Located by By.chained({By.xpath: (//android.widget.TextView[@content-desc="test-Price"])[1]})text: getSLBPrice from ProductsPage
SLB price: $29.99
[INFO ] 12 Oct 2022 22:38:23,994 qa.base.BaseTest:163 - waitForElementVisibility - Located by By.chained({By.AccessibilityId: test-Menu})
[INFO ] 12 Oct 2022 22:38:23,995 qa.base.BaseTest:48 - getting android driver
[INFO ] 12 Oct 2022 22:38:24,047 qa.base.BaseTest:172 - click - Located by By.chained({By.AccessibilityId: test-Menu}): Press Menu Button from - MenuPage
[INFO ] 12 Oct 2022 22:38:24,126 qa.base.BaseTest:48 - getting android driver
[INFO ] 12 Oct 2022 22:38:24,127 qa.base.BaseTest:163 - waitForElementVisibility - Located by By.chained({By.AccessibilityId: test-LOGOUT})
[INFO ] 12 Oct 2022 22:38:24,128 qa.base.BaseTest:48 - getting android driver
[INFO ] 12 Oct 2022 22:38:24,361 qa.base.BaseTest:172 - click - Located by By.chained({By.AccessibilityId: test-LOGOUT}): Press Logout Button from - SettingsPage
[INFO ] 12 Oct 2022 22:38:24,447 qa.base.BaseTest:48 - getting android driver
]]></system-out>
  </testcase>
  <testcase name="validateProdTitlePriceWithDeeplink" classname="com.qa.test.ProductDetailsTest" time="1.454">
    <system-out><![CDATA[[INFO ] 12 Oct 2022 22:38:24,449 qa.test.ProductDetailsTest:134 -  ++++++++++++++ validateProdTitlePriceWithDeeplink ++++++++++++++ 
[INFO ] 12 Oct 2022 22:38:24,450 qa.base.BaseTest:48 - getting android driver
[INFO ] 12 Oct 2022 22:38:24,450 qa.base.BaseTest:48 - getting android driver
[INFO ] 12 Oct 2022 22:38:24,543 qa.base.BaseTest:163 - waitForElementVisibility - Located by By.chained({By.xpath: (//android.widget.TextView[@content-desc="test-Item title"])[1]})
[INFO ] 12 Oct 2022 22:38:24,545 qa.base.BaseTest:48 - getting android driver
[INFO ] 12 Oct 2022 22:38:25,808 qa.base.BaseTest:172 - click - Located by By.chained({By.AccessibilityId: test-LOGOUT}): Press Logout Button from - SettingsPage
[INFO ] 12 Oct 2022 22:38:25,901 qa.base.BaseTest:48 - getting android driver
]]></system-out>
  </testcase>
  <testcase name="validateProdTitlePriceWithDeeplink" classname="com.qa.test.ProductDetailsTest" time="2.871">
    <system-out><![CDATA[[INFO ] 12 Oct 2022 22:38:25,903 qa.test.ProductDetailsTest:156 -  ++++++++++++++ validateProdDetailsAndPriceWithDeeplink ++++++++++++++
[INFO ] 12 Oct 2022 22:38:25,904 qa.base.BaseTest:48 - getting android driver
[INFO ] 12 Oct 2022 22:38:25,904 qa.base.BaseTest:48 - getting android driver
[INFO ] 12 Oct 2022 22:38:25,992 qa.base.BaseTest:163 - waitForElementVisibility - Located by By.chained({By.xpath: (//android.widget.TextView[@content-desc="test-Item title"])[1]})
[INFO ] 12 Oct 2022 22:38:25,993 qa.base.BaseTest:48 - getting android driver
[INFO ] 12 Oct 2022 22:38:26,302 qa.base.BaseTest:186 - getAttribute - Located by By.chained({By.xpath: (//android.widget.TextView[@content-desc="test-Item title"])[1]})text: getSLBTitle from ProductsPage
SLB title: Sauce Labs Backpack
[INFO ] 12 Oct 2022 22:38:26,386 qa.base.BaseTest:163 - waitForElementVisibility - Located by By.chained({By.xpath: (//android.widget.TextView[@content-desc="test-Price"])[1]})
[INFO ] 12 Oct 2022 22:38:26,387 qa.base.BaseTest:48 - getting android driver
[INFO ] 12 Oct 2022 22:38:26,464 qa.base.BaseTest:186 - getAttribute - Located by By.chained({By.xpath: (//android.widget.TextView[@content-desc="test-Price"])[1]})text: getSLBPrice from ProductsPage
SLB price: $29.99
[INFO ] 12 Oct 2022 22:38:26,537 qa.base.BaseTest:163 - waitForElementVisibility - Located by By.chained({By.AccessibilityId: test-Menu})
[INFO ] 12 Oct 2022 22:38:26,537 qa.base.BaseTest:48 - getting android driver
[INFO ] 12 Oct 2022 22:38:26,611 qa.base.BaseTest:172 - click - Located by By.chained({By.AccessibilityId: test-Menu}): Press Menu Button from - MenuPage
[INFO ] 12 Oct 2022 22:38:26,927 qa.base.BaseTest:48 - getting android driver
[INFO ] 12 Oct 2022 22:38:26,929 qa.base.BaseTest:163 - waitForElementVisibility - Located by By.chained({By.AccessibilityId: test-LOGOUT})
[INFO ] 12 Oct 2022 22:38:26,932 qa.base.BaseTest:48 - getting android driver
[INFO ] 12 Oct 2022 22:38:27,665 qa.base.BaseTest:172 - click - Located by By.chained({By.xpath: (//android.widget.TextView[@content-desc="test-Item title"])[1]}): Press SLB Title from ProductsPage
[INFO ] 12 Oct 2022 22:38:27,852 qa.base.BaseTest:48 - getting android driver
[INFO ] 12 Oct 2022 22:38:27,853 qa.base.BaseTest:163 - waitForElementVisibility - Located by By.chained({By.xpath: //android.view.ViewGroup[@content-desc="test-Description"]/android.widget.TextView[1]})
[INFO ] 12 Oct 2022 22:38:27,854 qa.base.BaseTest:48 - getting android driver
[INFO ] 12 Oct 2022 22:38:28,681 qa.base.BaseTest:172 - click - Located by By.chained({By.AccessibilityId: test-LOGOUT}): Press Logout Button from - SettingsPage
[INFO ] 12 Oct 2022 22:38:28,772 qa.base.BaseTest:48 - getting android driver
]]></system-out>
  </testcase>
  <testcase name="validateProdDetailsAndPriceWithDeeplink" classname="com.qa.test.ProductDetailsTest" time="7.386">
    <system-out><![CDATA[[INFO ] 12 Oct 2022 22:38:28,776 qa.test.ProductDetailsTest:156 -  ++++++++++++++ validateProdDetailsAndPriceWithDeeplink ++++++++++++++
[INFO ] 12 Oct 2022 22:38:28,777 qa.base.BaseTest:48 - getting android driver
[INFO ] 12 Oct 2022 22:38:28,777 qa.base.BaseTest:48 - getting android driver
[INFO ] 12 Oct 2022 22:38:28,835 qa.base.BaseTest:163 - waitForElementVisibility - Located by By.chained({By.xpath: (//android.widget.TextView[@content-desc="test-Item title"])[1]})
[INFO ] 12 Oct 2022 22:38:28,836 qa.base.BaseTest:48 - getting android driver
[INFO ] 12 Oct 2022 22:38:28,899 qa.base.BaseTest:186 - getAttribute - Located by By.chained({By.xpath: //android.view.ViewGroup[@content-desc="test-Description"]/android.widget.TextView[1]})text: getSLBTitleProdDetails from ProductDetailsPage
SLB title: Sauce Labs Backpack
[INFO ] 12 Oct 2022 22:38:29,010 qa.base.BaseTest:163 - waitForElementVisibility - Located by By.chained({By.xpath: //android.view.ViewGroup[@content-desc="test-Description"]/android.widget.TextView[2]})
[INFO ] 12 Oct 2022 22:38:29,010 qa.base.BaseTest:48 - getting android driver
[INFO ] 12 Oct 2022 22:38:29,119 qa.base.BaseTest:186 - getAttribute - Located by By.chained({By.xpath: //android.view.ViewGroup[@content-desc="test-Description"]/android.widget.TextView[2]})text: getProdDetailsSlbDetails from ProductDetailsPage
SLB Details: carry.allTheThings() with the sleek, streamlined Sly Pack that melds uncompromising style with unequaled laptop and tablet protection.
[INFO ] 12 Oct 2022 22:38:29,233 qa.base.BaseTest:192 - scrollToElement - Methode scrollToElement called from ProductDetailsTest_validateProdDetailsAndPrice
[INFO ] 12 Oct 2022 22:38:29,234 qa.base.BaseTest:48 - getting android driver
[INFO ] 12 Oct 2022 22:38:30,507 qa.base.BaseTest:172 - click - Located by By.chained({By.xpath: (//android.widget.TextView[@content-desc="test-Item title"])[1]}): Press SLB Title from ProductsPage
[INFO ] 12 Oct 2022 22:38:30,650 qa.base.BaseTest:48 - getting android driver
[INFO ] 12 Oct 2022 22:38:30,650 qa.base.BaseTest:163 - waitForElementVisibility - Located by By.chained({By.xpath: //android.view.ViewGroup[@content-desc="test-Description"]/android.widget.TextView[1]})
[INFO ] 12 Oct 2022 22:38:30,651 qa.base.BaseTest:48 - getting android driver
[INFO ] 12 Oct 2022 22:38:31,836 qa.base.BaseTest:186 - getAttribute - Located by By.chained({By.xpath: //android.view.ViewGroup[@content-desc="test-Description"]/android.widget.TextView[1]})text: getSLBTitleProdDetails from ProductDetailsPage
SLB title: Sauce Labs Backpack
[INFO ] 12 Oct 2022 22:38:31,904 qa.base.BaseTest:163 - waitForElementVisibility - Located by By.chained({By.xpath: //android.view.ViewGroup[@content-desc="test-Description"]/android.widget.TextView[2]})
[INFO ] 12 Oct 2022 22:38:31,904 qa.base.BaseTest:48 - getting android driver
[INFO ] 12 Oct 2022 22:38:31,974 qa.base.BaseTest:186 - getAttribute - Located by By.chained({By.xpath: //android.view.ViewGroup[@content-desc="test-Description"]/android.widget.TextView[2]})text: getProdDetailsSlbDetails from ProductDetailsPage
SLB Details: carry.allTheThings() with the sleek, streamlined Sly Pack that melds uncompromising style with unequaled laptop and tablet protection.
[INFO ] 12 Oct 2022 22:38:32,069 qa.base.BaseTest:192 - scrollToElement - Methode scrollToElement called from ProductDetailsTest_validateProdDetailsAndPrice
[INFO ] 12 Oct 2022 22:38:32,070 qa.base.BaseTest:48 - getting android driver
[INFO ] 12 Oct 2022 22:38:32,660 qa.base.BaseTest:163 - waitForElementVisibility - Located by By.chained({By.AccessibilityId: test-Price})
[INFO ] 12 Oct 2022 22:38:32,660 qa.base.BaseTest:48 - getting android driver
[INFO ] 12 Oct 2022 22:38:32,765 qa.base.BaseTest:186 - getAttribute - Located by By.chained({By.AccessibilityId: test-Price})text: getProdDetailsSlbPrice from ProductDetailsPage
SLB Price: $29.99
[INFO ] 12 Oct 2022 22:38:32,840 qa.base.BaseTest:163 - waitForElementVisibility - Located by By.chained({By.AccessibilityId: test-BACK TO PRODUCTS})
[INFO ] 12 Oct 2022 22:38:32,842 qa.base.BaseTest:48 - getting android driver
[INFO ] 12 Oct 2022 22:38:32,923 qa.base.BaseTest:172 - click - Located by By.chained({By.AccessibilityId: test-BACK TO PRODUCTS}): Press pressBackToProductsBtn from ProductDetailsPage
[INFO ] 12 Oct 2022 22:38:33,035 qa.base.BaseTest:48 - getting android driver
[INFO ] 12 Oct 2022 22:38:33,037 qa.base.BaseTest:163 - waitForElementVisibility - Located by By.chained({By.xpath: (//android.widget.TextView[@content-desc="test-Item title"])[1]})
[INFO ] 12 Oct 2022 22:38:33,039 qa.base.BaseTest:48 - getting android driver
[INFO ] 12 Oct 2022 22:38:33,891 qa.base.BaseTest:186 - getAttribute - Located by By.chained({By.xpath: (//android.widget.TextView[@content-desc="test-Item title"])[1]})text: getSLBTitle from ProductsPage
SLB title: Sauce Labs Backpack
[INFO ] 12 Oct 2022 22:38:34,023 qa.base.BaseTest:163 - waitForElementVisibility - Located by By.chained({By.xpath: (//android.widget.TextView[@content-desc="test-Price"])[1]})
[INFO ] 12 Oct 2022 22:38:34,024 qa.base.BaseTest:48 - getting android driver
[INFO ] 12 Oct 2022 22:38:34,152 qa.base.BaseTest:186 - getAttribute - Located by By.chained({By.xpath: (//android.widget.TextView[@content-desc="test-Price"])[1]})text: getSLBPrice from ProductsPage
SLB price: $29.99
[INFO ] 12 Oct 2022 22:38:34,289 qa.base.BaseTest:163 - waitForElementVisibility - Located by By.chained({By.AccessibilityId: test-Menu})
[INFO ] 12 Oct 2022 22:38:34,289 qa.base.BaseTest:48 - getting android driver
[INFO ] 12 Oct 2022 22:38:34,342 qa.base.BaseTest:172 - click - Located by By.chained({By.AccessibilityId: test-Menu}): Press Menu Button from - MenuPage
[INFO ] 12 Oct 2022 22:38:34,411 qa.base.BaseTest:48 - getting android driver
[INFO ] 12 Oct 2022 22:38:34,412 qa.base.BaseTest:163 - waitForElementVisibility - Located by By.chained({By.AccessibilityId: test-LOGOUT})
[INFO ] 12 Oct 2022 22:38:34,412 qa.base.BaseTest:48 - getting android driver
[INFO ] 12 Oct 2022 22:38:36,084 qa.base.BaseTest:172 - click - Located by By.chained({By.AccessibilityId: test-LOGOUT}): Press Logout Button from - SettingsPage
[INFO ] 12 Oct 2022 22:38:36,161 qa.base.BaseTest:48 - getting android driver
]]></system-out>
  </testcase>
  <testcase name="validateProdDetailsAndPriceWithDeeplink" classname="com.qa.test.ProductDetailsTest" time="11.432">
    <system-out><![CDATA[[INFO ] 12 Oct 2022 22:38:36,162 qa.base.BaseTest:201 - afterTest - quitting driver
[INFO ] 12 Oct 2022 22:38:36,163 qa.base.BaseTest:48 - getting android driver
[INFO ] 12 Oct 2022 22:38:36,764 qa.base.BaseTest:163 - waitForElementVisibility - Located by By.chained({By.AccessibilityId: test-Price})
[INFO ] 12 Oct 2022 22:38:36,766 qa.base.BaseTest:48 - getting android driver
[INFO ] 12 Oct 2022 22:38:36,852 qa.base.BaseTest:186 - getAttribute - Located by By.chained({By.AccessibilityId: test-Price})text: getProdDetailsSlbPrice from ProductDetailsPage
SLB Price: $29.99
[INFO ] 12 Oct 2022 22:38:36,942 qa.base.BaseTest:163 - waitForElementVisibility - Located by By.chained({By.AccessibilityId: test-BACK TO PRODUCTS})
[INFO ] 12 Oct 2022 22:38:36,943 qa.base.BaseTest:48 - getting android driver
[INFO ] 12 Oct 2022 22:38:37,015 qa.base.BaseTest:172 - click - Located by By.chained({By.AccessibilityId: test-BACK TO PRODUCTS}): Press pressBackToProductsBtn from ProductDetailsPage
[INFO ] 12 Oct 2022 22:38:37,133 qa.base.BaseTest:48 - getting android driver
[INFO ] 12 Oct 2022 22:38:37,136 qa.base.BaseTest:163 - waitForElementVisibility - Located by By.chained({By.xpath: (//android.widget.TextView[@content-desc="test-Item title"])[1]})
[INFO ] 12 Oct 2022 22:38:37,139 qa.base.BaseTest:48 - getting android driver
[INFO ] 12 Oct 2022 22:38:38,135 qa.base.BaseTest:186 - getAttribute - Located by By.chained({By.xpath: (//android.widget.TextView[@content-desc="test-Item title"])[1]})text: getSLBTitle from ProductsPage
SLB title: Sauce Labs Backpack
[INFO ] 12 Oct 2022 22:38:38,200 qa.base.BaseTest:163 - waitForElementVisibility - Located by By.chained({By.xpath: (//android.widget.TextView[@content-desc="test-Price"])[1]})
[INFO ] 12 Oct 2022 22:38:38,200 qa.base.BaseTest:48 - getting android driver
[INFO ] 12 Oct 2022 22:38:38,282 qa.base.BaseTest:186 - getAttribute - Located by By.chained({By.xpath: (//android.widget.TextView[@content-desc="test-Price"])[1]})text: getSLBPrice from ProductsPage
SLB price: $29.99
[INFO ] 12 Oct 2022 22:38:38,357 qa.base.BaseTest:163 - waitForElementVisibility - Located by By.chained({By.AccessibilityId: test-Menu})
[INFO ] 12 Oct 2022 22:38:38,357 qa.base.BaseTest:48 - getting android driver
[INFO ] 12 Oct 2022 22:38:38,394 qa.base.BaseTest:172 - click - Located by By.chained({By.AccessibilityId: test-Menu}): Press Menu Button from - MenuPage
[INFO ] 12 Oct 2022 22:38:38,474 qa.base.BaseTest:48 - getting android driver
[INFO ] 12 Oct 2022 22:38:38,475 qa.base.BaseTest:163 - waitForElementVisibility - Located by By.chained({By.AccessibilityId: test-LOGOUT})
[INFO ] 12 Oct 2022 22:38:38,475 qa.base.BaseTest:48 - getting android driver
[INFO ] 12 Oct 2022 22:38:40,119 qa.base.BaseTest:172 - click - Located by By.chained({By.AccessibilityId: test-LOGOUT}): Press Logout Button from - SettingsPage
[INFO ] 12 Oct 2022 22:38:40,205 qa.base.BaseTest:48 - getting android driver
]]></system-out>
  </testcase>
</testsuite>